<?xml version="1.0" encoding="UTF-8"?>
<!-- Generated by org.testng.reporters.JUnitReportReporter -->
<testsuite skipped="0" hostname="DESKTOP-TM1DNGB" name="ruff.Vinay" tests="1" failures="0" timestamp="2019-11-04T09:16:28 IST" time="0.010" errors="0">
  <testcase name="ram" time="0.010" classname="ruff.Vinay"/>
</testsuite> <!-- ruff.Vinay -->
